0 silly argv { _: [ 'import' ],
0 silly argv   lernaVersion: '3.13.1',
0 silly argv   '$0': 'lerna',
0 silly argv   dir: '/Users/jixiaomeng/Desktop/tb-apps-sdk' }
1 notice cli v3.13.1
2 verbose rootPath /Users/jixiaomeng/Desktop/tb-third-part
3 error Error: Command failed: git rev-parse HEAD
3 error fatal: ambiguous argument 'HEAD': unknown revision or path not in the working tree.
3 error Use '--' to separate paths from revisions, like this:
3 error 'git <command> [<revision>...] -- [<file>...]'
3 error
3 error HEAD
3 error
3 error     at makeError (/Users/jixiaomeng/.nvm/versions/node/v8.11.3/lib/node_modules/lerna/node_modules/_execa@1.0.0@execa/index.js:174:9)
3 error     at Function.module.exports.sync (/Users/jixiaomeng/.nvm/versions/node/v8.11.3/lib/node_modules/lerna/node_modules/_execa@1.0.0@execa/index.js:338:15)
3 error     at Object.execSync (/Users/jixiaomeng/.nvm/versions/node/v8.11.3/lib/node_modules/lerna/node_modules/_@lerna_child-process@3.13.0@@lerna/child-process/index.js:22:16)
3 error     at ImportCommand.getCurrentSHA (/Users/jixiaomeng/.nvm/versions/node/v8.11.3/lib/node_modules/lerna/node_modules/_@lerna_import@3.13.1@@lerna/import/index.js:129:34)
3 error     at ImportCommand.initialize (/Users/jixiaomeng/.nvm/versions/node/v8.11.3/lib/node_modules/lerna/node_modules/_@lerna_import@3.13.1@@lerna/import/index.js:98:31)
3 error     at Promise.resolve.then (/Users/jixiaomeng/.nvm/versions/node/v8.11.3/lib/node_modules/lerna/node_modules/_@lerna_command@3.13.1@@lerna/command/index.js:271:24)
3 error     at <anonymous>
